<?xml version="1.0" encoding="UTF-8"?>
<!-- Generated by org.testng.reporters.JUnitXMLReporter -->
<testsuite ignored="0" hostname="Aniket" failures="0" tests="3" name="Default test" time="62.327" errors="0" timestamp="2025-05-04T11:28:34 IST">
  <testcase classname="AniketAcademy.Tests.Standalonetest" name="submitOrder" time="23.845"/>
  <testcase classname="AniketAcademy.Tests.Standalonetest" name="submitOrder" time="24.584"/>
  <testcase classname="AniketAcademy.Tests.Standalonetest" name="orderHistoryTest" time="0.907"/>
</testsuite> <!-- Default test -->
