<?xml version="1.0" encoding="UTF-8"?>
<!-- Generated by org.testng.reporters.JUnitXMLReporter -->
<testsuite ignored="0" hostname="Aniket" failures="1" tests="1" name="Error Validatiob" time="4.349" errors="0" timestamp="2025-05-02T15:07:22 IST">
  <testcase classname="AniketAcademy.Tests.Errorvalidation" name="submitOrder" time="0.82">
    <failure type="java.lang.AssertionError" message="expected [Login Successfully] but found [Incorrect email password]">
      <![CDATA[java.lang.AssertionError: expected [Login Successfully] but found [Incorrect email password]
at AniketAcademy.Tests.Errorvalidation.submitOrder(Errorvalidation.java:21)
at java.base/java.util.ArrayList.forEach(ArrayList.java:1597)
... Removed 31 stack frames]]>
    </failure>
  </testcase> <!-- submitOrder -->
</testsuite> <!-- Error Validatiob -->
