<?xml version="1.0" encoding="UTF-8"?>
<!-- Generated by org.testng.reporters.JUnitXMLReporter -->
<testsuite ignored="0" hostname="Aniket" failures="0" tests="3" name="Submit order" time="67.372" errors="0" timestamp="2025-05-03T19:39:31 IST">
  <testcase classname="AniketAcademy.Tests.Standalonetest" name="submitOrder" time="24.285"/>
  <testcase classname="AniketAcademy.Tests.Standalonetest" name="submitOrder" time="24.902"/>
  <testcase classname="AniketAcademy.Tests.Standalonetest" name="orderHistoryTest" time="0.939"/>
</testsuite> <!-- Submit order -->
