<?xml version="1.0" encoding="UTF-8"?>
<!-- Generated by org.testng.reporters.JUnitXMLReporter -->
<testsuite ignored="0" hostname="Aniket" failures="1" tests="3" name="Error Validation" time="11.018" errors="0" timestamp="2025-05-04T11:58:04 IST">
  <testcase classname="AniketAcademy.Tests.Errorvalidation" name="submitOrder" time="1.157">
    <skipped/>
  </testcase> <!-- submitOrder -->
  <testcase classname="AniketAcademy.Tests.Errorvalidation" name="submitOrder" time="1.18">
    <skipped/>
  </testcase> <!-- submitOrder -->
  <testcase classname="AniketAcademy.Tests.Errorvalidation" name="submitOrder" time="0.646">
    <failure type="java.lang.AssertionError" message="expected [Incorrect email or password] but found [Incorrect email or password.]">
      <![CDATA[java.lang.AssertionError: expected [Incorrect email or password] but found [Incorrect email or password.]
at AniketAcademy.Tests.Errorvalidation.submitOrder(Errorvalidation.java:22)
at java.base/java.util.ArrayList.forEach(ArrayList.java:1596)
... Removed 35 stack frames]]>
    </failure>
  </testcase> <!-- submitOrder -->
</testsuite> <!-- Error Validation -->
