<?xml version="1.0" encoding="UTF-8"?>
<!-- Generated by org.testng.reporters.JUnitXMLReporter -->
<testsuite ignored="1" hostname="Aniket" failures="0" tests="2" name="Submit order" time="56.398" errors="0" timestamp="2025-05-04T12:26:42 IST">
  <testcase classname="AniketAcademy.Tests.Standalonetest" name="submitOrder" time="24.159"/>
  <testcase classname="AniketAcademy.Tests.Standalonetest" name="submitOrder" time="25.827"/>
  <testcase classname="AniketAcademy.Tests.Standalonetest" name="orderHistoryTest" time="0.0">
    <ignored/>
  </testcase> <!-- orderHistoryTest -->
</testsuite> <!-- Submit order -->
