<?xml version="1.0" encoding="UTF-8"?>
<testng-results ignored="2" total="4" passed="2" failed="0" skipped="0">
  <reporter-output>
  </reporter-output>
  <suite started-at="2025-05-04T12:25:46 IST" name="Suite" finished-at="2025-05-04T12:26:42 IST" duration-ms="56398">
    <groups>
      <group name="Purchase">
        <method signature="Standalonetest.submitOrder(java.util.HashMap)[pri:0, instance:AniketAcademy.Tests.Standalonetest@dd8ba08]" name="submitOrder" class="AniketAcademy.Tests.Standalonetest"/>
      </group> <!-- Purchase -->
    </groups>
    <test started-at="2025-05-04T12:25:46 IST" name="Error Validatiob" finished-at="2025-05-04T12:25:46 IST" duration-ms="18">
    </test> <!-- Error Validatiob -->
    <test started-at="2025-05-04T12:25:46 IST" name="Submit order" finished-at="2025-05-04T12:26:42 IST" duration-ms="56398">
      <class name="AniketAcademy.Tests.Standalonetest">
        <test-method is-config="true" signature="launchApplication()[pri:0, instance:AniketAcademy.Tests.Standalonetest@dd8ba08]" started-at="2025-05-04T12:25:46 IST" name="launchApplication" finished-at="2025-05-04T12:25:51 IST" duration-ms="4782" status="PASS">
          <reporter-output>
          </reporter-output>
        </test-method> <!-- launchApplication -->
        <test-method signature="submitOrder(java.util.HashMap)[pri:0, instance:AniketAcademy.Tests.Standalonetest@dd8ba08]" started-at="2025-05-04T12:25:51 IST" name="submitOrder" data-provider="getData" finished-at="2025-05-04T12:26:15 IST" duration-ms="24159" status="PASS">
          <params>
            <param index="0">
              <value>
                <![CDATA[{password=Aniket@197731, email=aniketpowar22@gmail.com, productName=ADIDAS ORIGINAL}]]>
              </value>
            </param>
          </params>
          <reporter-output>
          </reporter-output>
        </test-method> <!-- submitOrder -->
        <test-method is-config="true" signature="tearDown()[pri:0, instance:AniketAcademy.Tests.Standalonetest@dd8ba08]" started-at="2025-05-04T12:26:15 IST" name="tearDown" finished-at="2025-05-04T12:26:15 IST" duration-ms="128" status="PASS">
          <reporter-output>
          </reporter-output>
        </test-method> <!-- tearDown -->
        <test-method is-config="true" signature="launchApplication()[pri:0, instance:AniketAcademy.Tests.Standalonetest@dd8ba08]" started-at="2025-05-04T12:26:15 IST" name="launchApplication" finished-at="2025-05-04T12:26:16 IST" duration-ms="960" status="PASS">
          <reporter-output>
          </reporter-output>
        </test-method> <!-- launchApplication -->
        <test-method signature="submitOrder(java.util.HashMap)[pri:0, instance:AniketAcademy.Tests.Standalonetest@dd8ba08]" started-at="2025-05-04T12:26:16 IST" name="submitOrder" data-provider="getData" finished-at="2025-05-04T12:26:42 IST" duration-ms="25827" status="PASS">
          <params>
            <param index="0">
              <value>
                <![CDATA[{password=Aniket@197731, email=saniket@gmail.com, productName=ZARA COAT 3}]]>
              </value>
            </param>
          </params>
          <reporter-output>
          </reporter-output>
        </test-method> <!-- submitOrder -->
        <test-method is-config="true" signature="tearDown()[pri:0, instance:AniketAcademy.Tests.Standalonetest@dd8ba08]" started-at="2025-05-04T12:26:42 IST" name="tearDown" finished-at="2025-05-04T12:26:42 IST" duration-ms="127" status="PASS">
          <reporter-output>
          </reporter-output>
        </test-method> <!-- tearDown -->
      </class> <!-- AniketAcademy.Tests.Standalonetest -->
    </test> <!-- Submit order -->
  </suite> <!-- Suite -->
</testng-results>
