<?xml version="1.0" encoding="UTF-8"?>
<testng-results ignored="0" total="3" passed="3" failed="0" skipped="0">
  <reporter-output>
  </reporter-output>
  <suite started-at="2025-05-04T11:27:32 IST" name="Default suite" finished-at="2025-05-04T11:28:34 IST" duration-ms="62327">
    <groups>
      <group name="Purchase">
        <method signature="Standalonetest.submitOrder(java.util.HashMap)[pri:0, instance:AniketAcademy.Tests.Standalonetest@1165b38]" name="submitOrder" class="AniketAcademy.Tests.Standalonetest"/>
      </group> <!-- Purchase -->
    </groups>
    <test started-at="2025-05-04T11:27:32 IST" name="Default test" finished-at="2025-05-04T11:28:34 IST" duration-ms="62327">
      <class name="AniketAcademy.Tests.Standalonetest">
        <test-method is-config="true" signature="launchApplication()[pri:0, instance:AniketAcademy.Tests.Standalonetest@1165b38]" started-at="2025-05-04T11:27:33 IST" name="launchApplication" finished-at="2025-05-04T11:27:38 IST" duration-ms="5590" status="PASS">
          <reporter-output>
          </reporter-output>
        </test-method> <!-- launchApplication -->
        <test-method signature="submitOrder(java.util.HashMap)[pri:0, instance:AniketAcademy.Tests.Standalonetest@1165b38]" started-at="2025-05-04T11:27:38 IST" name="submitOrder" data-provider="getData" finished-at="2025-05-04T11:28:02 IST" duration-ms="23845" status="PASS">
          <params>
            <param index="0">
              <value>
                <![CDATA[{password=Aniket@197731, email=aniketpowar22@gmail.com, productName=ADIDAS ORIGINAL}]]>
              </value>
            </param>
          </params>
          <reporter-output>
          </reporter-output>
        </test-method> <!-- submitOrder -->
        <test-method is-config="true" signature="tearDown()[pri:0, instance:AniketAcademy.Tests.Standalonetest@1165b38]" started-at="2025-05-04T11:28:02 IST" name="tearDown" finished-at="2025-05-04T11:28:02 IST" duration-ms="183" status="PASS">
          <reporter-output>
          </reporter-output>
        </test-method> <!-- tearDown -->
        <test-method is-config="true" signature="launchApplication()[pri:0, instance:AniketAcademy.Tests.Standalonetest@1165b38]" started-at="2025-05-04T11:28:02 IST" name="launchApplication" finished-at="2025-05-04T11:28:04 IST" duration-ms="1564" status="PASS">
          <reporter-output>
          </reporter-output>
        </test-method> <!-- launchApplication -->
        <test-method signature="submitOrder(java.util.HashMap)[pri:0, instance:AniketAcademy.Tests.Standalonetest@1165b38]" started-at="2025-05-04T11:28:04 IST" name="submitOrder" data-provider="getData" finished-at="2025-05-04T11:28:28 IST" duration-ms="24584" status="PASS">
          <params>
            <param index="0">
              <value>
                <![CDATA[{password=Aniket@197731, email=saniket@gmail.com, productName=ZARA COAT 3}]]>
              </value>
            </param>
          </params>
          <reporter-output>
          </reporter-output>
        </test-method> <!-- submitOrder -->
        <test-method is-config="true" signature="tearDown()[pri:0, instance:AniketAcademy.Tests.Standalonetest@1165b38]" started-at="2025-05-04T11:28:28 IST" name="tearDown" finished-at="2025-05-04T11:28:29 IST" duration-ms="165" status="PASS">
          <reporter-output>
          </reporter-output>
        </test-method> <!-- tearDown -->
        <test-method is-config="true" signature="launchApplication()[pri:0, instance:AniketAcademy.Tests.Standalonetest@1165b38]" started-at="2025-05-04T11:28:29 IST" name="launchApplication" finished-at="2025-05-04T11:28:33 IST" duration-ms="4833" status="PASS">
          <reporter-output>
          </reporter-output>
        </test-method> <!-- launchApplication -->
        <test-method signature="orderHistoryTest()[pri:0, instance:AniketAcademy.Tests.Standalonetest@1165b38]" started-at="2025-05-04T11:28:33 IST" name="orderHistoryTest" finished-at="2025-05-04T11:28:34 IST" depends-on-methods="AniketAcademy.Tests.Standalonetest.submitOrder" duration-ms="907" status="PASS">
          <reporter-output>
          </reporter-output>
        </test-method> <!-- orderHistoryTest -->
        <test-method is-config="true" signature="tearDown()[pri:0, instance:AniketAcademy.Tests.Standalonetest@1165b38]" started-at="2025-05-04T11:28:34 IST" name="tearDown" finished-at="2025-05-04T11:28:34 IST" duration-ms="200" status="PASS">
          <reporter-output>
          </reporter-output>
        </test-method> <!-- tearDown -->
      </class> <!-- AniketAcademy.Tests.Standalonetest -->
    </test> <!-- Default test -->
  </suite> <!-- Default suite -->
</testng-results>
